08/04/2013 17:15:45 | Debut Mise en ligne complete (Site):
08/04/2013 17:15:47 | Listing terminé :
08/04/2013 17:15:47 | 

08/04/2013 17:15:48 | * WEFiles-- -- --Folder create
08/04/2013 17:15:48 | * WEFiles/Server-- -- --Folder create
08/04/2013 17:15:48 | * WEFiles/Server/language-- -- --Folder create
08/04/2013 17:15:48 | * WEFiles/Server/class-- -- --Folder create
08/04/2013 17:15:48 | * WEFiles/Image-- -- --Folder create
08/04/2013 17:15:48 | * WEFiles/Image/Skin-- -- --Folder create
08/04/2013 17:15:48 | * WEFiles/Font-- -- --Folder create
08/04/2013 17:15:48 | * WEFiles/Css-- -- --Folder create
08/04/2013 17:15:48 | * WEFiles/Client-- -- --Folder create
08/04/2013 17:15:48 | * WEFiles/Client/jQuery-- -- --Folder create
08/04/2013 17:15:48 | * Templates-- -- --Folder create
08/04/2013 17:15:48 | * Files-- -- --Folder create
08/04/2013 17:15:48 | * Files/Video-- -- --Folder create
08/04/2013 17:15:48 | * Files/Other-- -- --Folder create
08/04/2013 17:15:48 | * Files/Media-- -- --Folder create
08/04/2013 17:15:48 | * Files/Image-- -- --Folder create
08/04/2013 17:15:48 | * Files/Flash-- -- --Folder create
08/04/2013 17:15:48 | * Files/Audio-- -- --Folder create
08/04/2013 17:15:48 | * Data-- -- --Folder create
08/04/2013 17:15:48 | * Backup-- -- --Folder create
08/04/2013 17:15:48 | * Common-- -- --Folder create
08/04/2013 17:15:48 | * Files/Image/Home-- -- --Folder create
08/04/2013 17:15:48 | * Files/Image/Acc-- -- --Folder create
08/04/2013 17:15:48 | * Files/Image/Template-- -- --Folder create
08/04/2013 17:15:48 | * WEFiles/Image/WEImage-- -- --Folder create
08/04/2013 17:15:48 | * Files\Other-- -- --Folder create
08/04/2013 17:15:48 | * Backup/.htaccess-- -- --33
08/04/2013 17:15:48 | * WEFiles/Client/jQuery/jquery.core.js-- -- --93873
08/04/2013 17:15:48 | * WEFiles/Client/jQuery/jquery.easing.1.3.js-- -- --8097
08/04/2013 17:15:48 | * WEFiles/Client/jQuery/jquery.form.js-- -- --26755
08/04/2013 17:15:48 | * WEFiles/Client/jQuery/jquery.simplemodal.js-- -- --22338
08/04/2013 17:15:48 | * WEFiles/Client/jQuery/jquery.ui.accordion.js-- -- --16269
08/04/2013 17:15:48 | * WEFiles/Client/jQuery/jquery.ui.core.js-- -- --14026
08/04/2013 17:15:48 | * WEFiles/Client/Json.js-- -- --17521
08/04/2013 17:15:48 | * WEFiles/Client/openElement.js-- -- --20753
08/04/2013 17:15:48 | * WEFiles/Client/openElementUI.js-- -- --3436
08/04/2013 17:15:48 | * WEFiles/Client/VarText.js-- -- --3745
08/04/2013 17:15:48 | * WEFiles/Css/openElement.css-- -- --4690
08/04/2013 17:15:48 | * WEFiles/Image/Code.png-- -- --831
08/04/2013 17:15:48 | * WEFiles/Image/delete.png-- -- --1465
08/04/2013 17:15:48 | * WEFiles/Image/empty.png-- -- --184
08/04/2013 17:15:48 | * WEFiles/Image/information2.png-- -- --3246
08/04/2013 17:15:48 | * WEFiles/Image/loading.gif-- -- --1924
08/04/2013 17:15:48 | * WEFiles/Image/mask.png-- -- --213
08/04/2013 17:15:48 | * WEFiles/Image/ModalBackgound.png-- -- --27145
08/04/2013 17:15:48 | * WEFiles/Image/ModalPopupBlock.png-- -- --268
08/04/2013 17:15:48 | * WEFiles/Image/ServerError.png-- -- --2602
08/04/2013 17:15:48 | * WEFiles/Image/WEW3C.png-- -- --1882
08/04/2013 17:15:48 | * WEFiles/Server/class/class-phpmailer.php-- -- --62304
08/04/2013 17:15:48 | * WEFiles/Server/class/class-smtp.php-- -- --32442
08/04/2013 17:15:48 | * WEFiles/Server/class/JSON.php-- -- --34073
08/04/2013 17:15:48 | * WEFiles/Server/language/phpmailer.lang-en.php-- -- --1188
08/04/2013 17:15:48 | * WEFiles/Server/language/phpmailer.lang-fr.php-- -- --1298
08/04/2013 17:15:48 | * WEFiles/Server/openElement.php-- -- --16332
08/04/2013 17:15:48 | * WEFiles/Server/VarText.php-- -- --4306
08/04/2013 17:15:48 | * .htaccess-- -- --0
08/04/2013 17:15:48 | * Contact(var).php-- -- --530
08/04/2013 17:15:48 | * Contact.css-- -- --9430
08/04/2013 17:15:48 | * Files/Image/Home/Ph2.png-- -- --158357
08/04/2013 17:15:48 | * WEFiles/Image/Skin/0b06f944.png-- -- --161
08/04/2013 17:15:48 | * WEFiles/Image/Skin/b67a4b19.png-- -- --241
08/04/2013 17:15:48 | * WEFiles/Image/Skin/f5f53f99.png-- -- --164
08/04/2013 17:15:48 | * WEFiles/Image/Skin/4aaf29dd.png-- -- --365
08/04/2013 17:15:48 | * WEFiles/Image/Skin/93071aa0.png-- -- --371
08/04/2013 17:15:48 | * WEFiles/Image/Skin/f6bf2def.png-- -- --168
08/04/2013 17:15:48 | * WEFiles/Image/Skin/94944b46.png-- -- --282
08/04/2013 17:15:48 | * WEFiles/Image/Skin/f74dda2a.png-- -- --167
08/04/2013 17:15:48 | * WEFiles/Image/Skin/80b3c5b2.png-- -- --235
08/04/2013 17:15:48 | * WEFiles/Image/Skin/b3d700fb.png-- -- --189
08/04/2013 17:15:48 | * WEFiles/Image/Skin/89a0c320.png-- -- --121
08/04/2013 17:15:48 | * WEFiles/Image/Skin/24637375.png-- -- --1094
08/04/2013 17:15:48 | * WEFiles/Image/Skin/ead264b0.png-- -- --345
08/04/2013 17:15:48 | * WEFiles/Image/Skin/d4cfd1f5.png-- -- --122
08/04/2013 17:15:48 | * WEFiles/Image/Skin/a5a470af.png-- -- --122
08/04/2013 17:15:48 | * WEFiles/Image/Skin/621c3d76.png-- -- --121
08/04/2013 17:15:48 | * WEFiles/Image/Skin/11432073.png-- -- --440
08/04/2013 17:15:48 | * WEFiles/Image/Skin/c588fc02.png-- -- --152
08/04/2013 17:15:48 | * WEFiles/Image/Skin/97abaa2d.png-- -- --332
08/04/2013 17:15:48 | * WEFiles/Image/Skin/1647b094.png-- -- --174
08/04/2013 17:15:48 | * WEFiles/Image/Skin/fd29b9b1.png-- -- --425
08/04/2013 17:15:48 | * WEFiles/Image/Skin/15d28010.png-- -- --407
08/04/2013 17:15:48 | * WEFiles/Image/Skin/9feb29d9.png-- -- --485
08/04/2013 17:15:48 | * WEFiles/Image/Skin/47ca1a37.png-- -- --607
08/04/2013 17:15:48 | * WEFiles/Image/Skin/6d0a05d9.png-- -- --475
08/04/2013 17:15:48 | * Files/Image/Acc/Arrow.png-- -- --430
08/04/2013 17:15:48 | * WEFiles/Image/ErrorImageDefault.png-- -- --825
08/04/2013 17:15:48 | * WEFiles/Image/Skin/989c0dbc.png-- -- --235
08/04/2013 17:15:48 | * WEFiles/Image/Skin/fd576cdd.png-- -- --179
08/04/2013 17:15:48 | * WEFiles/Image/Skin/982ec362.png-- -- --121
08/04/2013 17:15:48 | * WEFiles/Image/Skin/93e8e2f1.png-- -- --1106
08/04/2013 17:15:48 | * WEFiles/Image/Skin/8941a714.png-- -- --335
08/04/2013 17:15:48 | * WEFiles/Image/Skin/2a10c12b.png-- -- --123
08/04/2013 17:15:48 | * WEFiles/Image/Skin/8686ace1.png-- -- --122
08/04/2013 17:15:48 | * WEFiles/Image/Skin/4525463e.png-- -- --121
08/04/2013 17:15:48 | * WEFiles/Image/Skin/3c4edde9.png-- -- --440
08/04/2013 17:15:48 | * WEFiles/Image/Skin/e742e7a1.png-- -- --440
08/04/2013 17:15:48 | * Files/Image/Acc/Error.png-- -- --231
08/04/2013 17:15:48 | * Files/Image/Acc/Points.png-- -- --390
08/04/2013 17:15:48 | * WEFiles/Image/Skin/d1096b6a.jpg-- -- --406
08/04/2013 17:15:48 | * Files/Image/Template/Top.png-- -- --1864
08/04/2013 17:15:48 | * Files/Image/Template/TopContent.png-- -- --881
08/04/2013 17:15:48 | * Files/Image/Template/BackMenuTop.png-- -- --1329
08/04/2013 17:15:48 | * WEFiles/Image/Skin/1879b38b.png-- -- --1750
08/04/2013 17:15:48 | * WEFiles/Image/Skin/629a26bd.png-- -- --5837
08/04/2013 17:15:48 | * WEFiles/Image/Skin/1bd236f1.png-- -- --1516
08/04/2013 17:15:48 | * WEFiles/Image/Skin/d1f91c88.png-- -- --5448
08/04/2013 17:15:48 | * WEFiles/Image/Skin/60edbd93.png-- -- --1449
08/04/2013 17:15:48 | * WEFiles/Image/Skin/d02e6199.png-- -- --5375
08/04/2013 17:15:48 | * WEFiles/Image/Skin/dd4a3693.png-- -- --1848
08/04/2013 17:15:48 | * WEFiles/Image/Skin/fedf539f.png-- -- --5895
08/04/2013 17:15:48 | * WEFiles/Image/Skin/c16f7abd.png-- -- --5582
08/04/2013 17:15:48 | * Files/Image/Template/Logo.png-- -- --2293
08/04/2013 17:15:48 | * Files/Image/Template/BottomContent.png-- -- --12283
08/04/2013 17:15:48 | * WEFiles/Image/Skin/b11a5c5c.png-- -- --29764
08/04/2013 17:15:48 | * Contact.htm-- -- --18537
08/04/2013 17:15:48 | * index.css-- -- --13443
08/04/2013 17:15:48 | * WEFiles/Image/Skin/9cc29479.jpg-- -- --967
08/04/2013 17:15:48 | * WEFiles/Image/Skin/99e7c980.jpg-- -- --2848
08/04/2013 17:15:48 | * WEFiles/Image/Skin/56e09076.jpg-- -- --1064
08/04/2013 17:15:48 | * WEFiles/Image/Skin/065d6050.jpg-- -- --711
08/04/2013 17:15:48 | * WEFiles/Image/Skin/c00ea0f6.jpg-- -- --764
08/04/2013 17:15:48 | * WEFiles/Image/Skin/6912bf1f.jpg-- -- --1120
08/04/2013 17:15:48 | * WEFiles/Image/Skin/39a8851d.jpg-- -- --3875
08/04/2013 17:15:48 | * WEFiles/Image/Skin/69eb2235.jpg-- -- --1126
08/04/2013 17:15:48 | * WEFiles/Image/Skin/67374ca0.png-- -- --5416
08/04/2013 17:15:48 | * Files/Image/Acc/ArrowUp.png-- -- --652
08/04/2013 17:15:48 | * Files/Image/Acc/IcoHome.png-- -- --933
08/04/2013 17:15:48 | * WEFiles/Image/WEImage/d0a77950DEFAULT.png-- -- --144272
08/04/2013 17:15:48 | * WEFiles/Image/Skin/0e133890.png-- -- --161
08/04/2013 17:15:48 | * WEFiles/Image/Skin/6f40a220.png-- -- --241
08/04/2013 17:15:48 | * WEFiles/Image/Skin/f4bf91f7.png-- -- --164
08/04/2013 17:15:48 | * WEFiles/Image/Skin/4c2e4e60.png-- -- --365
08/04/2013 17:15:48 | * WEFiles/Image/Skin/556aae27.png-- -- --371
08/04/2013 17:15:48 | * WEFiles/Image/Skin/f99f7eed.png-- -- --168
08/04/2013 17:15:48 | * WEFiles/Image/Skin/3a194d6f.png-- -- --282
08/04/2013 17:15:48 | * WEFiles/Image/Skin/f75d8add.png-- -- --167
08/04/2013 17:15:48 | * WEFiles/Image/Skin/2e8764df.png-- -- --282
08/04/2013 17:15:48 | * WEFiles/Image/Skin/d2676784.png-- -- --343
08/04/2013 17:15:48 | * WEFiles/Image/Skin/9cb16b58.png-- -- --287
08/04/2013 17:15:48 | * Files/Image/Acc/ cPhoto.png-- -- --573
08/04/2013 17:15:48 | * Files/Image/Home/LogoPhoto.png-- -- --2399
08/04/2013 17:15:48 | * index.htm-- -- --21738
08/04/2013 17:15:48 | * robots.txt-- -- --22
08/04/2013 17:15:48 | * sitemap.xml-- -- --386
08/04/2013 17:15:48 | * Templates/BaseLayer.css-- -- --6701
08/04/2013 17:15:49 | 
08/04/2013 17:15:49 | 
--------------------------------Phase 1 Terminé--------------------------------
08/04/2013 17:15:49 | 

